2023-07-24 18:07:993 INFO  StartPage :29 - Clicking on login link[[ChromeDriver: chrome on mac (ab1acd9ac26d6537c305e688563d5019)] -> xpath: //a[normalize-space()='Start now']]
2023-07-24 18:07:122 INFO  SelectNationalityPage :26 - Select Nationality from dropdown
2023-07-24 18:07:231 INFO  SelectNationalityPage :30 - Clicking on Continue Button[[ChromeDriver: chrome on mac (ab1acd9ac26d6537c305e688563d5019)] -> xpath: //button[normalize-space()='Continue']]
2023-07-24 18:07:404 INFO  ReasonForTravelPage :37 - Clicking on Reason for visit[[ChromeDriver: chrome on mac (ab1acd9ac26d6537c305e688563d5019)] -> xpath: //button[normalize-space()='Continue']]
2023-07-24 18:07:463 INFO  SelectNationalityPage :30 - Clicking on Continue Button[[ChromeDriver: chrome on mac (ab1acd9ac26d6537c305e688563d5019)] -> xpath: //button[normalize-space()='Continue']]
2023-07-24 18:07:793 INFO  StartPage :29 - Clicking on login link[[ChromeDriver: chrome on mac (6401fdcc88cf6b020923321da36977b8)] -> xpath: //a[normalize-space()='Start now']]
2023-07-24 18:07:942 INFO  SelectNationalityPage :26 - Select Nationality from dropdown
2023-07-24 18:07:94 INFO  SelectNationalityPage :30 - Clicking on Continue Button[[ChromeDriver: chrome on mac (6401fdcc88cf6b020923321da36977b8)] -> xpath: //button[normalize-space()='Continue']]
2023-07-24 18:07:399 INFO  ReasonForTravelPage :37 - Clicking on Reason for visit[[ChromeDriver: chrome on mac (6401fdcc88cf6b020923321da36977b8)] -> xpath: //button[normalize-space()='Continue']]
2023-07-24 18:07:591 INFO  SelectNationalityPage :30 - Clicking on Continue Button[[ChromeDriver: chrome on mac (6401fdcc88cf6b020923321da36977b8)] -> xpath: //button[normalize-space()='Continue']]
2023-07-24 18:07:254 INFO  StartPage :34 - Clicking on Accept button[[ChromeDriver: chrome on mac (ea770e0db8ca623673ab6f6529fa4048)] -> xpath: //button[normalize-space()='Accept additional cookies']]
2023-07-24 18:07:265 INFO  StartPage :35 - Clicking on Hide button[[ChromeDriver: chrome on mac (ea770e0db8ca623673ab6f6529fa4048)] -> xpath: //button[contains(text(),'Hide this message')]]
2023-07-24 18:07:356 INFO  StartPage :29 - Clicking on login link[[ChromeDriver: chrome on mac (ea770e0db8ca623673ab6f6529fa4048)] -> xpath: //a[normalize-space()='Start now']]
2023-07-24 18:07:494 INFO  SelectNationalityPage :26 - Select Nationality from dropdown
2023-07-24 18:07:571 INFO  SelectNationalityPage :30 - Clicking on Continue Button[[ChromeDriver: chrome on mac (ea770e0db8ca623673ab6f6529fa4048)] -> xpath: //button[normalize-space()='Continue']]
2023-07-24 18:07:701 INFO  ReasonForTravelPage :37 - Clicking on Reason for visit[[ChromeDriver: chrome on mac (ea770e0db8ca623673ab6f6529fa4048)] -> xpath: //button[normalize-space()='Continue']]
2023-07-24 18:07:756 INFO  SelectNationalityPage :30 - Clicking on Continue Button[[ChromeDriver: chrome on mac (ea770e0db8ca623673ab6f6529fa4048)] -> xpath: //button[normalize-space()='Continue']]
2023-07-24 18:07:933 INFO  StartPage :34 - Clicking on Accept button[[ChromeDriver: chrome on mac (80a0b3578a65df61cbbfb7c39f3633d0)] -> xpath: //button[normalize-space()='Accept additional cookies']]
2023-07-24 18:07:955 INFO  StartPage :35 - Clicking on Hide button[[ChromeDriver: chrome on mac (80a0b3578a65df61cbbfb7c39f3633d0)] -> xpath: //button[contains(text(),'Hide this message')]]
2023-07-24 18:07:145 INFO  StartPage :29 - Clicking on login link[[ChromeDriver: chrome on mac (80a0b3578a65df61cbbfb7c39f3633d0)] -> xpath: //a[normalize-space()='Start now']]
2023-07-24 18:07:473 INFO  SelectNationalityPage :26 - Select Nationality from dropdown
2023-07-24 18:07:659 INFO  SelectNationalityPage :30 - Clicking on Continue Button[[ChromeDriver: chrome on mac (80a0b3578a65df61cbbfb7c39f3633d0)] -> xpath: //button[normalize-space()='Continue']]
2023-07-24 18:07:892 INFO  ReasonForTravelPage :37 - Clicking on Reason for visit[[ChromeDriver: chrome on mac (80a0b3578a65df61cbbfb7c39f3633d0)] -> xpath: //button[normalize-space()='Continue']]
2023-07-24 18:07:61 INFO  SelectNationalityPage :30 - Clicking on Continue Button[[ChromeDriver: chrome on mac (80a0b3578a65df61cbbfb7c39f3633d0)] -> xpath: //button[normalize-space()='Continue']]
2023-07-24 19:07:672 INFO  StartPage :34 - Clicking on Accept button[[ChromeDriver: chrome on mac (414052ef4caf748e3db0a2e81ddbec32)] -> xpath: //button[normalize-space()='Accept additional cookies']]
2023-07-24 19:07:684 INFO  StartPage :35 - Clicking on Hide button[[ChromeDriver: chrome on mac (414052ef4caf748e3db0a2e81ddbec32)] -> xpath: //button[contains(text(),'Hide this message')]]
2023-07-24 19:07:788 INFO  StartPage :29 - Clicking on login link[[ChromeDriver: chrome on mac (414052ef4caf748e3db0a2e81ddbec32)] -> xpath: //a[normalize-space()='Start now']]
2023-07-24 19:07:935 INFO  SelectNationalityPage :26 - Select Nationality from dropdown
2023-07-24 19:07:16 INFO  SelectNationalityPage :30 - Clicking on Continue Button[[ChromeDriver: chrome on mac (414052ef4caf748e3db0a2e81ddbec32)] -> xpath: //button[normalize-space()='Continue']]
2023-07-24 19:07:230 INFO  ReasonForTravelPage :37 - Clicking on Reason for visit[[ChromeDriver: chrome on mac (414052ef4caf748e3db0a2e81ddbec32)] -> xpath: //button[normalize-space()='Continue']]
2023-07-24 19:07:292 INFO  SelectNationalityPage :30 - Clicking on Continue Button[[ChromeDriver: chrome on mac (414052ef4caf748e3db0a2e81ddbec32)] -> xpath: //button[normalize-space()='Continue']]
2023-07-24 19:07:840 INFO  StartPage :34 - Clicking on Accept button[[ChromeDriver: chrome on mac (24ce2970f6eb8081878e7d2a1a435876)] -> xpath: //button[normalize-space()='Accept additional cookies']]
2023-07-24 19:07:859 INFO  StartPage :35 - Clicking on Hide button[[ChromeDriver: chrome on mac (24ce2970f6eb8081878e7d2a1a435876)] -> xpath: //button[contains(text(),'Hide this message')]]
2023-07-24 19:07:105 INFO  StartPage :29 - Clicking on login link[[ChromeDriver: chrome on mac (24ce2970f6eb8081878e7d2a1a435876)] -> xpath: //a[normalize-space()='Start now']]
2023-07-24 19:07:336 INFO  SelectNationalityPage :26 - Select Nationality from dropdown
2023-07-24 19:07:519 INFO  SelectNationalityPage :30 - Clicking on Continue Button[[ChromeDriver: chrome on mac (24ce2970f6eb8081878e7d2a1a435876)] -> xpath: //button[normalize-space()='Continue']]
2023-07-24 19:07:807 INFO  ReasonForTravelPage :37 - Clicking on Reason for visit[[ChromeDriver: chrome on mac (24ce2970f6eb8081878e7d2a1a435876)] -> xpath: //button[normalize-space()='Continue']]
2023-07-24 19:07:938 INFO  SelectNationalityPage :30 - Clicking on Continue Button[[ChromeDriver: chrome on mac (24ce2970f6eb8081878e7d2a1a435876)] -> xpath: //button[normalize-space()='Continue']]
2023-07-24 19:07:930 INFO  StartPage :34 - Clicking on Accept button[[ChromeDriver: chrome on mac (695e1a002c27fd5d7ffe39ba6af70664)] -> xpath: //button[normalize-space()='Accept additional cookies']]
2023-07-24 19:07:942 INFO  StartPage :35 - Clicking on Hide button[[ChromeDriver: chrome on mac (695e1a002c27fd5d7ffe39ba6af70664)] -> xpath: //button[contains(text(),'Hide this message')]]
2023-07-24 19:07:12 INFO  StartPage :29 - Clicking on login link[[ChromeDriver: chrome on mac (695e1a002c27fd5d7ffe39ba6af70664)] -> xpath: //a[normalize-space()='Start now']]
2023-07-24 19:07:180 INFO  SelectNationalityPage :26 - Select Nationality from dropdown
2023-07-24 19:07:255 INFO  SelectNationalityPage :30 - Clicking on Continue Button[[ChromeDriver: chrome on mac (695e1a002c27fd5d7ffe39ba6af70664)] -> xpath: //button[normalize-space()='Continue']]
2023-07-24 19:07:383 INFO  ReasonForTravelPage :37 - Clicking on Reason for visit[[ChromeDriver: chrome on mac (695e1a002c27fd5d7ffe39ba6af70664)] -> xpath: //button[normalize-space()='Continue']]
2023-07-24 19:07:437 INFO  SelectNationalityPage :30 - Clicking on Continue Button[[ChromeDriver: chrome on mac (695e1a002c27fd5d7ffe39ba6af70664)] -> xpath: //button[normalize-space()='Continue']]
2023-07-24 19:07:488 INFO  ResultPage :29 - Getting You will not need a visa to come to the UK  Message
2023-07-24 19:07:576 INFO  StartPage :34 - Clicking on Accept button[[ChromeDriver: chrome on mac (08d69e8ba6624bcc48c1bd1cdafb25a0)] -> xpath: //button[normalize-space()='Accept additional cookies']]
2023-07-24 19:07:598 INFO  StartPage :35 - Clicking on Hide button[[ChromeDriver: chrome on mac (08d69e8ba6624bcc48c1bd1cdafb25a0)] -> xpath: //button[contains(text(),'Hide this message')]]
2023-07-24 19:07:842 INFO  StartPage :29 - Clicking on login link[[ChromeDriver: chrome on mac (08d69e8ba6624bcc48c1bd1cdafb25a0)] -> xpath: //a[normalize-space()='Start now']]
2023-07-24 19:07:82 INFO  SelectNationalityPage :26 - Select Nationality from dropdown
2023-07-24 19:07:286 INFO  SelectNationalityPage :30 - Clicking on Continue Button[[ChromeDriver: chrome on mac (08d69e8ba6624bcc48c1bd1cdafb25a0)] -> xpath: //button[normalize-space()='Continue']]
2023-07-24 19:07:488 INFO  ReasonForTravelPage :37 - Clicking on Reason for visit[[ChromeDriver: chrome on mac (08d69e8ba6624bcc48c1bd1cdafb25a0)] -> xpath: //button[normalize-space()='Continue']]
2023-07-24 19:07:653 INFO  SelectNationalityPage :30 - Clicking on Continue Button[[ChromeDriver: chrome on mac (08d69e8ba6624bcc48c1bd1cdafb25a0)] -> xpath: //button[normalize-space()='Continue']]
2023-07-24 19:07:227 INFO  StartPage :34 - Clicking on Accept button[[ChromeDriver: chrome on mac (ac08d3fc8ac75b3310e5f90d195da33a)] -> xpath: //button[normalize-space()='Accept additional cookies']]
2023-07-24 19:07:240 INFO  StartPage :35 - Clicking on Hide button[[ChromeDriver: chrome on mac (ac08d3fc8ac75b3310e5f90d195da33a)] -> xpath: //button[contains(text(),'Hide this message')]]
2023-07-24 19:07:334 INFO  StartPage :29 - Clicking on login link[[ChromeDriver: chrome on mac (ac08d3fc8ac75b3310e5f90d195da33a)] -> xpath: //a[normalize-space()='Start now']]
2023-07-24 19:07:531 INFO  SelectNationalityPage :26 - Select Nationality from dropdown
2023-07-24 19:07:625 INFO  SelectNationalityPage :30 - Clicking on Continue Button[[ChromeDriver: chrome on mac (ac08d3fc8ac75b3310e5f90d195da33a)] -> xpath: //button[normalize-space()='Continue']]
2023-07-24 19:07:802 INFO  ReasonForTravelPage :37 - Clicking on Reason for visit[[ChromeDriver: chrome on mac (ac08d3fc8ac75b3310e5f90d195da33a)] -> xpath: //button[normalize-space()='Continue']]
2023-07-24 19:07:872 INFO  SelectNationalityPage :30 - Clicking on Continue Button[[ChromeDriver: chrome on mac (ac08d3fc8ac75b3310e5f90d195da33a)] -> xpath: //button[normalize-space()='Continue']]
2023-07-24 19:07:28 INFO  ResultPage :29 - Getting You will not need a visa to come to the UK  Message
2023-07-24 19:07:115 INFO  StartPage :34 - Clicking on Accept button[[ChromeDriver: chrome on mac (aa7b6494d64012aa3404b9c3bacf6dc8)] -> xpath: //button[normalize-space()='Accept additional cookies']]
2023-07-24 19:07:136 INFO  StartPage :35 - Clicking on Hide button[[ChromeDriver: chrome on mac (aa7b6494d64012aa3404b9c3bacf6dc8)] -> xpath: //button[contains(text(),'Hide this message')]]
2023-07-24 19:07:382 INFO  StartPage :29 - Clicking on login link[[ChromeDriver: chrome on mac (aa7b6494d64012aa3404b9c3bacf6dc8)] -> xpath: //a[normalize-space()='Start now']]
2023-07-24 19:07:677 INFO  SelectNationalityPage :26 - Select Nationality from dropdown
2023-07-24 19:07:862 INFO  SelectNationalityPage :30 - Clicking on Continue Button[[ChromeDriver: chrome on mac (aa7b6494d64012aa3404b9c3bacf6dc8)] -> xpath: //button[normalize-space()='Continue']]
2023-07-24 19:07:88 INFO  ReasonForTravelPage :37 - Clicking on Reason for visit[[ChromeDriver: chrome on mac (aa7b6494d64012aa3404b9c3bacf6dc8)] -> xpath: //button[normalize-space()='Continue']]
2023-07-24 19:07:190 INFO  SelectNationalityPage :30 - Clicking on Continue Button[[ChromeDriver: chrome on mac (aa7b6494d64012aa3404b9c3bacf6dc8)] -> xpath: //button[normalize-space()='Continue']]
2023-07-25 15:07:923 INFO  StartPage :34 - Clicking on Accept button[[ChromeDriver: chrome on mac (dca8a0f72839dc09642b18107639e81c)] -> xpath: //button[normalize-space()='Accept additional cookies']]
2023-07-25 15:07:936 INFO  StartPage :35 - Clicking on Hide button[[ChromeDriver: chrome on mac (dca8a0f72839dc09642b18107639e81c)] -> xpath: //button[contains(text(),'Hide this message')]]
2023-07-25 15:07:60 INFO  StartPage :29 - Clicking on login link[[ChromeDriver: chrome on mac (dca8a0f72839dc09642b18107639e81c)] -> xpath: //a[normalize-space()='Start now']]
2023-07-25 15:07:202 INFO  SelectNationalityPage :26 - Select Nationality from dropdown
2023-07-25 15:07:286 INFO  SelectNationalityPage :30 - Clicking on Continue Button[[ChromeDriver: chrome on mac (dca8a0f72839dc09642b18107639e81c)] -> xpath: //button[normalize-space()='Continue']]
2023-07-25 15:07:486 INFO  ReasonForTravelPage :37 - Clicking on Reason for visit[[ChromeDriver: chrome on mac (dca8a0f72839dc09642b18107639e81c)] -> xpath: //button[normalize-space()='Continue']]
2023-07-25 15:07:543 INFO  SelectNationalityPage :30 - Clicking on Continue Button[[ChromeDriver: chrome on mac (dca8a0f72839dc09642b18107639e81c)] -> xpath: //button[normalize-space()='Continue']]
2023-07-25 15:07:702 INFO  ResultPage :29 - Getting You will not need a visa to come to the UK  Message
2023-07-25 15:07:939 INFO  StartPage :34 - Clicking on Accept button[[ChromeDriver: chrome on mac (e5570c33eea68d174990e9e872f7c6cc)] -> xpath: //button[normalize-space()='Accept additional cookies']]
2023-07-25 15:07:950 INFO  StartPage :35 - Clicking on Hide button[[ChromeDriver: chrome on mac (e5570c33eea68d174990e9e872f7c6cc)] -> xpath: //button[contains(text(),'Hide this message')]]
2023-07-25 15:07:53 INFO  StartPage :29 - Clicking on login link[[ChromeDriver: chrome on mac (e5570c33eea68d174990e9e872f7c6cc)] -> xpath: //a[normalize-space()='Start now']]
2023-07-25 15:07:182 INFO  SelectNationalityPage :26 - Select Nationality from dropdown
2023-07-25 15:07:274 INFO  SelectNationalityPage :30 - Clicking on Continue Button[[ChromeDriver: chrome on mac (e5570c33eea68d174990e9e872f7c6cc)] -> xpath: //button[normalize-space()='Continue']]
2023-07-25 15:07:471 INFO  ReasonForTravelPage :37 - Clicking on Reason for visit[[ChromeDriver: chrome on mac (e5570c33eea68d174990e9e872f7c6cc)] -> xpath: //button[normalize-space()='Continue']]
2023-07-25 15:07:539 INFO  SelectNationalityPage :30 - Clicking on Continue Button[[ChromeDriver: chrome on mac (e5570c33eea68d174990e9e872f7c6cc)] -> xpath: //button[normalize-space()='Continue']]
2023-07-25 15:07:368 INFO  StartPage :34 - Clicking on Accept button[[ChromeDriver: chrome on mac (8b8bdd9a308fabf7c43eb2fa04781f6c)] -> xpath: //button[normalize-space()='Accept additional cookies']]
2023-07-25 15:07:380 INFO  StartPage :35 - Clicking on Hide button[[ChromeDriver: chrome on mac (8b8bdd9a308fabf7c43eb2fa04781f6c)] -> xpath: //button[contains(text(),'Hide this message')]]
2023-07-25 15:07:475 INFO  StartPage :29 - Clicking on login link[[ChromeDriver: chrome on mac (8b8bdd9a308fabf7c43eb2fa04781f6c)] -> xpath: //a[normalize-space()='Start now']]
2023-07-25 15:07:597 INFO  SelectNationalityPage :26 - Select Nationality from dropdown
2023-07-25 15:07:698 INFO  SelectNationalityPage :30 - Clicking on Continue Button[[ChromeDriver: chrome on mac (8b8bdd9a308fabf7c43eb2fa04781f6c)] -> xpath: //button[normalize-space()='Continue']]
2023-07-25 15:07:834 INFO  ReasonForTravelPage :37 - Clicking on Reason for visit[[ChromeDriver: chrome on mac (8b8bdd9a308fabf7c43eb2fa04781f6c)] -> xpath: //button[normalize-space()='Continue']]
2023-07-25 15:07:907 INFO  SelectNationalityPage :30 - Clicking on Continue Button[[ChromeDriver: chrome on mac (8b8bdd9a308fabf7c43eb2fa04781f6c)] -> xpath: //button[normalize-space()='Continue']]
2023-07-25 15:07:842 INFO  StartPage :34 - Clicking on Accept button[[ChromeDriver: chrome on mac (08acc31065c3d24d00de86e81a5020a2)] -> xpath: //button[normalize-space()='Accept additional cookies']]
2023-07-25 15:07:854 INFO  StartPage :35 - Clicking on Hide button[[ChromeDriver: chrome on mac (08acc31065c3d24d00de86e81a5020a2)] -> xpath: //button[contains(text(),'Hide this message')]]
2023-07-25 15:07:946 INFO  StartPage :29 - Clicking on login link[[ChromeDriver: chrome on mac (08acc31065c3d24d00de86e81a5020a2)] -> xpath: //a[normalize-space()='Start now']]
2023-07-25 15:07:78 INFO  SelectNationalityPage :26 - Select Nationality from dropdown
2023-07-25 15:07:162 INFO  SelectNationalityPage :30 - Clicking on Continue Button[[ChromeDriver: chrome on mac (08acc31065c3d24d00de86e81a5020a2)] -> xpath: //button[normalize-space()='Continue']]
2023-07-25 15:07:296 INFO  ReasonForTravelPage :37 - Clicking on Reason for visit[[ChromeDriver: chrome on mac (08acc31065c3d24d00de86e81a5020a2)] -> xpath: //button[normalize-space()='Continue']]
2023-07-25 15:07:359 INFO  SelectNationalityPage :30 - Clicking on Continue Button[[ChromeDriver: chrome on mac (08acc31065c3d24d00de86e81a5020a2)] -> xpath: //button[normalize-space()='Continue']]
2023-07-25 15:07:506 INFO  SelectNationalityPage :30 - Clicking on Continue Button[[ChromeDriver: chrome on mac (08acc31065c3d24d00de86e81a5020a2)] -> xpath: //button[normalize-space()='Continue']]
2023-07-25 15:07:605 INFO  StartPage :34 - Clicking on Accept button[[ChromeDriver: chrome on mac (31836c8321c5af0d069c909c71cfe6ad)] -> xpath: //button[normalize-space()='Accept additional cookies']]
2023-07-25 15:07:617 INFO  StartPage :35 - Clicking on Hide button[[ChromeDriver: chrome on mac (31836c8321c5af0d069c909c71cfe6ad)] -> xpath: //button[contains(text(),'Hide this message')]]
2023-07-25 15:07:705 INFO  StartPage :29 - Clicking on login link[[ChromeDriver: chrome on mac (31836c8321c5af0d069c909c71cfe6ad)] -> xpath: //a[normalize-space()='Start now']]
2023-07-25 15:07:859 INFO  SelectNationalityPage :26 - Select Nationality from dropdown
2023-07-25 15:07:947 INFO  SelectNationalityPage :30 - Clicking on Continue Button[[ChromeDriver: chrome on mac (31836c8321c5af0d069c909c71cfe6ad)] -> xpath: //button[normalize-space()='Continue']]
2023-07-25 15:07:130 INFO  ReasonForTravelPage :37 - Clicking on Reason for visit[[ChromeDriver: chrome on mac (31836c8321c5af0d069c909c71cfe6ad)] -> xpath: //button[normalize-space()='Continue']]
2023-07-25 15:07:210 INFO  SelectNationalityPage :30 - Clicking on Continue Button[[ChromeDriver: chrome on mac (31836c8321c5af0d069c909c71cfe6ad)] -> xpath: //button[normalize-space()='Continue']]
2023-07-25 15:07:437 INFO  SelectNationalityPage :30 - Clicking on Continue Button[[ChromeDriver: chrome on mac (31836c8321c5af0d069c909c71cfe6ad)] -> xpath: //button[normalize-space()='Continue']]
2023-07-25 15:07:234 INFO  StartPage :34 - Clicking on Accept button[[ChromeDriver: chrome on mac (72e2a504fd30fb4a3743ccd233eb3589)] -> xpath: //button[normalize-space()='Accept additional cookies']]
2023-07-25 15:07:247 INFO  StartPage :35 - Clicking on Hide button[[ChromeDriver: chrome on mac (72e2a504fd30fb4a3743ccd233eb3589)] -> xpath: //button[contains(text(),'Hide this message')]]
2023-07-25 15:07:338 INFO  StartPage :29 - Clicking on login link[[ChromeDriver: chrome on mac (72e2a504fd30fb4a3743ccd233eb3589)] -> xpath: //a[normalize-space()='Start now']]
2023-07-25 15:07:490 INFO  SelectNationalityPage :26 - Select Nationality from dropdown
2023-07-25 15:07:575 INFO  SelectNationalityPage :30 - Clicking on Continue Button[[ChromeDriver: chrome on mac (72e2a504fd30fb4a3743ccd233eb3589)] -> xpath: //button[normalize-space()='Continue']]
2023-07-25 15:07:683 INFO  ReasonForTravelPage :37 - Clicking on Reason for visit[[ChromeDriver: chrome on mac (72e2a504fd30fb4a3743ccd233eb3589)] -> xpath: //button[normalize-space()='Continue']]
2023-07-25 15:07:747 INFO  SelectNationalityPage :30 - Clicking on Continue Button[[ChromeDriver: chrome on mac (72e2a504fd30fb4a3743ccd233eb3589)] -> xpath: //button[normalize-space()='Continue']]
2023-07-25 15:07:891 INFO  SelectNationalityPage :30 - Clicking on Continue Button[[ChromeDriver: chrome on mac (72e2a504fd30fb4a3743ccd233eb3589)] -> xpath: //button[normalize-space()='Continue']]
2023-07-25 15:07:996 INFO  WorkTypePage :25 - Clicking on Health and care professional Radio Button[[ChromeDriver: chrome on mac (72e2a504fd30fb4a3743ccd233eb3589)] -> xpath: //label[contains(text(),'Health and care professional')]]
2023-07-25 15:07:33 INFO  SelectNationalityPage :30 - Clicking on Continue Button[[ChromeDriver: chrome on mac (72e2a504fd30fb4a3743ccd233eb3589)] -> xpath: //button[normalize-space()='Continue']]
2023-07-25 15:07:199 INFO  ResultPage :29 - Getting You will not need a visa to come to the UK  Message
2023-07-25 15:07:666 INFO  StartPage :34 - Clicking on Accept button[[ChromeDriver: chrome on mac (dfba9a0c270fa36cf2c79f26b4e0421d)] -> xpath: //button[normalize-space()='Accept additional cookies']]
2023-07-25 15:07:677 INFO  StartPage :35 - Clicking on Hide button[[ChromeDriver: chrome on mac (dfba9a0c270fa36cf2c79f26b4e0421d)] -> xpath: //button[contains(text(),'Hide this message')]]
2023-07-25 15:07:744 INFO  StartPage :29 - Clicking on login link[[ChromeDriver: chrome on mac (dfba9a0c270fa36cf2c79f26b4e0421d)] -> xpath: //a[normalize-space()='Start now']]
2023-07-25 15:07:920 INFO  SelectNationalityPage :26 - Select Nationality from dropdown
2023-07-25 15:07:13 INFO  SelectNationalityPage :30 - Clicking on Continue Button[[ChromeDriver: chrome on mac (dfba9a0c270fa36cf2c79f26b4e0421d)] -> xpath: //button[normalize-space()='Continue']]
2023-07-25 15:07:121 INFO  ReasonForTravelPage :37 - Clicking on Reason for visit[[ChromeDriver: chrome on mac (dfba9a0c270fa36cf2c79f26b4e0421d)] -> xpath: //button[normalize-space()='Continue']]
2023-07-25 15:07:186 INFO  SelectNationalityPage :30 - Clicking on Continue Button[[ChromeDriver: chrome on mac (dfba9a0c270fa36cf2c79f26b4e0421d)] -> xpath: //button[normalize-space()='Continue']]
2023-07-25 15:07:358 INFO  SelectNationalityPage :30 - Clicking on Continue Button[[ChromeDriver: chrome on mac (dfba9a0c270fa36cf2c79f26b4e0421d)] -> xpath: //button[normalize-space()='Continue']]
2023-07-25 15:07:535 INFO  WorkTypePage :25 - Clicking on Health and care professional Radio Button[[ChromeDriver: chrome on mac (dfba9a0c270fa36cf2c79f26b4e0421d)] -> xpath: //label[contains(text(),'Health and care professional')]]
2023-07-25 15:07:579 INFO  SelectNationalityPage :30 - Clicking on Continue Button[[ChromeDriver: chrome on mac (dfba9a0c270fa36cf2c79f26b4e0421d)] -> xpath: //button[normalize-space()='Continue']]
2023-07-25 15:07:631 INFO  ResultPage :34 - Getting You need a visa to work in health and care Message
2023-07-25 15:07:204 INFO  StartPage :34 - Clicking on Accept button[[ChromeDriver: chrome on mac (c67f238e70280fac92a8ae0e31f9f669)] -> xpath: //button[normalize-space()='Accept additional cookies']]
2023-07-25 15:07:215 INFO  StartPage :35 - Clicking on Hide button[[ChromeDriver: chrome on mac (c67f238e70280fac92a8ae0e31f9f669)] -> xpath: //button[contains(text(),'Hide this message')]]
2023-07-25 15:07:304 INFO  StartPage :29 - Clicking on login link[[ChromeDriver: chrome on mac (c67f238e70280fac92a8ae0e31f9f669)] -> xpath: //a[normalize-space()='Start now']]
2023-07-25 15:07:453 INFO  SelectNationalityPage :26 - Select Nationality from dropdown
2023-07-25 15:07:545 INFO  SelectNationalityPage :30 - Clicking on Continue Button[[ChromeDriver: chrome on mac (c67f238e70280fac92a8ae0e31f9f669)] -> xpath: //button[normalize-space()='Continue']]
2023-07-25 15:07:726 INFO  ReasonForTravelPage :37 - Clicking on Reason for visit[[ChromeDriver: chrome on mac (c67f238e70280fac92a8ae0e31f9f669)] -> xpath: //button[normalize-space()='Continue']]
2023-07-25 15:07:790 INFO  SelectNationalityPage :30 - Clicking on Continue Button[[ChromeDriver: chrome on mac (c67f238e70280fac92a8ae0e31f9f669)] -> xpath: //button[normalize-space()='Continue']]
2023-07-25 15:07:930 INFO  ResultPage :29 - Getting You will not need a visa to come to the UK  Message
2023-07-25 15:07:765 INFO  StartPage :34 - Clicking on Accept button[[ChromeDriver: chrome on mac (743ef71f4ea3a0d4d681c809653c4a36)] -> xpath: //button[normalize-space()='Accept additional cookies']]
2023-07-25 15:07:774 INFO  StartPage :35 - Clicking on Hide button[[ChromeDriver: chrome on mac (743ef71f4ea3a0d4d681c809653c4a36)] -> xpath: //button[contains(text(),'Hide this message')]]
2023-07-25 15:07:868 INFO  StartPage :29 - Clicking on login link[[ChromeDriver: chrome on mac (743ef71f4ea3a0d4d681c809653c4a36)] -> xpath: //a[normalize-space()='Start now']]
2023-07-25 15:07:989 INFO  SelectNationalityPage :26 - Select Nationality from dropdown
2023-07-25 15:07:68 INFO  SelectNationalityPage :30 - Clicking on Continue Button[[ChromeDriver: chrome on mac (743ef71f4ea3a0d4d681c809653c4a36)] -> xpath: //button[normalize-space()='Continue']]
2023-07-25 15:07:265 INFO  ReasonForTravelPage :37 - Clicking on Reason for visit[[ChromeDriver: chrome on mac (743ef71f4ea3a0d4d681c809653c4a36)] -> xpath: //button[normalize-space()='Continue']]
2023-07-25 15:07:327 INFO  SelectNationalityPage :30 - Clicking on Continue Button[[ChromeDriver: chrome on mac (743ef71f4ea3a0d4d681c809653c4a36)] -> xpath: //button[normalize-space()='Continue']]
2023-07-25 15:07:541 INFO  SelectNationalityPage :30 - Clicking on Continue Button[[ChromeDriver: chrome on mac (743ef71f4ea3a0d4d681c809653c4a36)] -> xpath: //button[normalize-space()='Continue']]
2023-07-25 15:07:645 INFO  WorkTypePage :25 - Clicking on Health and care professional Radio Button[[ChromeDriver: chrome on mac (743ef71f4ea3a0d4d681c809653c4a36)] -> xpath: //label[contains(text(),'Health and care professional')]]
2023-07-25 15:07:683 INFO  SelectNationalityPage :30 - Clicking on Continue Button[[ChromeDriver: chrome on mac (743ef71f4ea3a0d4d681c809653c4a36)] -> xpath: //button[normalize-space()='Continue']]
2023-07-25 15:07:749 INFO  ResultPage :34 - Getting You need a visa to work in health and care Message
2023-07-25 15:07:924 INFO  StartPage :34 - Clicking on Accept button[[ChromeDriver: chrome on mac (9bcb1723d971ab40e0fa1f25d1731816)] -> xpath: //button[normalize-space()='Accept additional cookies']]
2023-07-25 15:07:934 INFO  StartPage :35 - Clicking on Hide button[[ChromeDriver: chrome on mac (9bcb1723d971ab40e0fa1f25d1731816)] -> xpath: //button[contains(text(),'Hide this message')]]
2023-07-25 15:07:15 INFO  StartPage :29 - Clicking on login link[[ChromeDriver: chrome on mac (9bcb1723d971ab40e0fa1f25d1731816)] -> xpath: //a[normalize-space()='Start now']]
2023-07-25 15:07:166 INFO  SelectNationalityPage :26 - Select Nationality from dropdown
2023-07-25 15:07:245 INFO  SelectNationalityPage :30 - Clicking on Continue Button[[ChromeDriver: chrome on mac (9bcb1723d971ab40e0fa1f25d1731816)] -> xpath: //button[normalize-space()='Continue']]
2023-07-25 15:07:475 INFO  ReasonForTravelPage :37 - Clicking on Reason for visit[[ChromeDriver: chrome on mac (9bcb1723d971ab40e0fa1f25d1731816)] -> xpath: //button[normalize-space()='Continue']]
2023-07-25 15:07:552 INFO  SelectNationalityPage :30 - Clicking on Continue Button[[ChromeDriver: chrome on mac (9bcb1723d971ab40e0fa1f25d1731816)] -> xpath: //button[normalize-space()='Continue']]
2023-07-25 15:07:920 INFO  StartPage :34 - Clicking on Accept button[[ChromeDriver: chrome on mac (78f812ec923b6484a33cabe409ead577)] -> xpath: //button[normalize-space()='Accept additional cookies']]
2023-07-25 15:07:953 INFO  StartPage :35 - Clicking on Hide button[[ChromeDriver: chrome on mac (78f812ec923b6484a33cabe409ead577)] -> xpath: //button[contains(text(),'Hide this message')]]
2023-07-25 15:07:191 INFO  StartPage :29 - Clicking on login link[[ChromeDriver: chrome on mac (78f812ec923b6484a33cabe409ead577)] -> xpath: //a[normalize-space()='Start now']]
2023-07-25 15:07:411 INFO  SelectNationalityPage :26 - Select Nationality from dropdown
2023-07-25 15:07:626 INFO  SelectNationalityPage :30 - Clicking on Continue Button[[ChromeDriver: chrome on mac (78f812ec923b6484a33cabe409ead577)] -> xpath: //button[normalize-space()='Continue']]
2023-07-25 15:07:835 INFO  ReasonForTravelPage :37 - Clicking on Reason for visit[[ChromeDriver: chrome on mac (78f812ec923b6484a33cabe409ead577)] -> xpath: //button[normalize-space()='Continue']]
2023-07-25 15:07:943 INFO  SelectNationalityPage :30 - Clicking on Continue Button[[ChromeDriver: chrome on mac (78f812ec923b6484a33cabe409ead577)] -> xpath: //button[normalize-space()='Continue']]
2023-07-25 15:07:92 INFO  ResultPage :29 - Getting You will not need a visa to come to the UK  Message
